

*******************************************************************************
Thu Feb 27 09:52:40 2020


FIT:    data read from "integ.dat" using 1:2
        format = x:z
        x range restricted to [0.100000 : 2.50000]
        #datapoints = 7
        residuals are weighted equally (unit weight)

function used for fitting: f(x)
	f(x)=a*x+b
fitted parameters initialized with current variable values

iter      chisq       delta/lim  lambda   a             b            
   0 1.6584785861e+02   0.00e+00  1.28e+00    1.000000e+00   1.000000e+00
   4 3.0773332989e+00  -7.19e-07  1.28e-04   -2.183754e-01  -2.084396e+00

After 4 iterations the fit converged.
final sum of squares of residuals : 3.07733
rel. change during last iteration : -7.19269e-12

degrees of freedom    (FIT_NDF)                        : 5
rms of residuals      (FIT_STDFIT) = sqrt(WSSR/ndf)    : 0.784517
variance of residuals (reduced chisquare) = WSSR/ndf   : 0.615467

Final set of parameters            Asymptotic Standard Error
=======================            ==========================
a               = -0.218375        +/- 0.4925       (225.5%)
b               = -2.0844          +/- 0.7416       (35.58%)

correlation matrix of the fit parameters:
                a      b      
a               1.000 
b              -0.917  1.000 


*******************************************************************************
Thu Feb 27 10:32:35 2020


FIT:    data read from "integ.dat" using 1:2
        format = x:z
        x range restricted to [2.00000 : 5.00000]
        #datapoints = 35
        residuals are weighted equally (unit weight)

function used for fitting: f(x)
	f(x)=a*x+b
fitted parameters initialized with current variable values

iter      chisq       delta/lim  lambda   a             b            
   0 2.3939222277e+04   0.00e+00  3.06e+00    1.000000e+00   1.000000e+00
   4 5.3457268282e-02  -1.26e-01  3.06e-04   -4.121223e+00  -3.677010e+00

After 4 iterations the fit converged.
final sum of squares of residuals : 0.0534573
rel. change during last iteration : -1.26268e-06

degrees of freedom    (FIT_NDF)                        : 33
rms of residuals      (FIT_STDFIT) = sqrt(WSSR/ndf)    : 0.0402482
variance of residuals (reduced chisquare) = WSSR/ndf   : 0.00161992

Final set of parameters            Asymptotic Standard Error
=======================            ==========================
a               = -4.12122         +/- 0.009523     (0.2311%)
b               = -3.67701         +/- 0.04004      (1.089%)

correlation matrix of the fit parameters:
                a      b      
a               1.000 
b              -0.985  1.000 


*******************************************************************************
Thu Feb 27 10:32:55 2020


FIT:    data read from "integ.dat" using 1:3
        format = x:z
        x range restricted to [2.00000 : 5.00000]
        #datapoints = 35
        residuals are weighted equally (unit weight)

function used for fitting: h(x)
	h(x)=c*x+d
fitted parameters initialized with current variable values

iter      chisq       delta/lim  lambda   c             d            
   0 3.8776532464e+04   0.00e+00  3.06e+00    1.000000e+00   1.000000e+00
   4 2.5351983344e-01  -3.60e-03  3.06e-04   -6.219220e+00  -1.971653e+00

After 4 iterations the fit converged.
final sum of squares of residuals : 0.25352
rel. change during last iteration : -3.59563e-08

degrees of freedom    (FIT_NDF)                        : 33
rms of residuals      (FIT_STDFIT) = sqrt(WSSR/ndf)    : 0.0876494
variance of residuals (reduced chisquare) = WSSR/ndf   : 0.00768242

Final set of parameters            Asymptotic Standard Error
=======================            ==========================
c               = -6.21922         +/- 0.02074      (0.3334%)
d               = -1.97165         +/- 0.08719      (4.422%)

correlation matrix of the fit parameters:
                c      d      
c               1.000 
d              -0.985  1.000 


*******************************************************************************
Thu Feb 27 10:42:43 2020


FIT:    data read from "integ.dat" using ($1):($2)
        format = x:z
        x range restricted to [2.00000 : 5.00000]
        #datapoints = 35
        residuals are weighted equally (unit weight)

function used for fitting: f(x)
	f(x) = a*x + b
fitted parameters initialized with current variable values

iter      chisq       delta/lim  lambda   a             b            
   0 5.3457268282e-02   0.00e+00  1.25e+01   -4.121223e+00  -3.677010e+00
   1 5.3457268282e-02  -1.08e-09  1.25e+00   -4.121223e+00  -3.677010e+00

After 1 iterations the fit converged.
final sum of squares of residuals : 0.0534573
rel. change during last iteration : -1.07736e-14

degrees of freedom    (FIT_NDF)                        : 33
rms of residuals      (FIT_STDFIT) = sqrt(WSSR/ndf)    : 0.0402482
variance of residuals (reduced chisquare) = WSSR/ndf   : 0.00161992

Final set of parameters            Asymptotic Standard Error
=======================            ==========================
a               = -4.12122         +/- 0.009523     (0.2311%)
b               = -3.67701         +/- 0.04004      (1.089%)

correlation matrix of the fit parameters:
                a      b      
a               1.000 
b              -0.985  1.000 


*******************************************************************************
Thu Feb 27 10:42:43 2020


FIT:    data read from "integ.dat" using ($1):($3)
        format = x:z
        x range restricted to [2.00000 : 5.00000]
        #datapoints = 35
        residuals are weighted equally (unit weight)

function used for fitting: h(x)
	h(x) = c*x + d
fitted parameters initialized with current variable values

iter      chisq       delta/lim  lambda   c             d            
   0 2.5351983344e-01   0.00e+00  1.85e+01   -6.219220e+00  -1.971653e+00
   1 2.5351983344e-01  -2.50e-09  1.85e+00   -6.219220e+00  -1.971653e+00

After 1 iterations the fit converged.
final sum of squares of residuals : 0.25352
rel. change during last iteration : -2.49616e-14

degrees of freedom    (FIT_NDF)                        : 33
rms of residuals      (FIT_STDFIT) = sqrt(WSSR/ndf)    : 0.0876494
variance of residuals (reduced chisquare) = WSSR/ndf   : 0.00768242

Final set of parameters            Asymptotic Standard Error
=======================            ==========================
c               = -6.21922         +/- 0.02074      (0.3334%)
d               = -1.97165         +/- 0.08719      (4.422%)

correlation matrix of the fit parameters:
                c      d      
c               1.000 
d              -0.985  1.000 


*******************************************************************************
Thu Feb 27 10:44:44 2020


FIT:    data read from "integ.dat" using ($1):($2)
        format = x:z
        x range restricted to [2.00000 : 5.00000]
        #datapoints = 35
        residuals are weighted equally (unit weight)

function used for fitting: f(x)
	f(x) = a*x + b
fitted parameters initialized with current variable values

iter      chisq       delta/lim  lambda   a             b            
   0 2.3939222277e+04   0.00e+00  3.06e+00    1.000000e+00   1.000000e+00
   4 5.3457268282e-02  -1.26e-01  3.06e-04   -4.121223e+00  -3.677010e+00

After 4 iterations the fit converged.
final sum of squares of residuals : 0.0534573
rel. change during last iteration : -1.26268e-06

degrees of freedom    (FIT_NDF)                        : 33
rms of residuals      (FIT_STDFIT) = sqrt(WSSR/ndf)    : 0.0402482
variance of residuals (reduced chisquare) = WSSR/ndf   : 0.00161992

Final set of parameters            Asymptotic Standard Error
=======================            ==========================
a               = -4.12122         +/- 0.009523     (0.2311%)
b               = -3.67701         +/- 0.04004      (1.089%)

correlation matrix of the fit parameters:
                a      b      
a               1.000 
b              -0.985  1.000 


*******************************************************************************
Thu Feb 27 10:44:44 2020


FIT:    data read from "integ.dat" using ($1):($3)
        format = x:z
        x range restricted to [2.00000 : 5.00000]
        #datapoints = 35
        residuals are weighted equally (unit weight)

function used for fitting: h(x)
	h(x) = c*x + d
fitted parameters initialized with current variable values

iter      chisq       delta/lim  lambda   c             d            
   0 3.8776532464e+04   0.00e+00  3.06e+00    1.000000e+00   1.000000e+00
   4 2.5351983344e-01  -3.60e-03  3.06e-04   -6.219220e+00  -1.971653e+00

After 4 iterations the fit converged.
final sum of squares of residuals : 0.25352
rel. change during last iteration : -3.59563e-08

degrees of freedom    (FIT_NDF)                        : 33
rms of residuals      (FIT_STDFIT) = sqrt(WSSR/ndf)    : 0.0876494
variance of residuals (reduced chisquare) = WSSR/ndf   : 0.00768242

Final set of parameters            Asymptotic Standard Error
=======================            ==========================
c               = -6.21922         +/- 0.02074      (0.3334%)
d               = -1.97165         +/- 0.08719      (4.422%)

correlation matrix of the fit parameters:
                c      d      
c               1.000 
d              -0.985  1.000 


*******************************************************************************
Thu Feb 27 10:45:38 2020


FIT:    data read from "integ.dat" using ($1):($2)
        format = x:z
        x range restricted to [2.00000 : 5.00000]
        #datapoints = 35
        residuals are weighted equally (unit weight)

function used for fitting: f(x)
	f(x) = a*x + b
fitted parameters initialized with current variable values

iter      chisq       delta/lim  lambda   a             b            
   0 2.3939222277e+04   0.00e+00  3.06e+00    1.000000e+00   1.000000e+00
   4 5.3457268282e-02  -1.26e-01  3.06e-04   -4.121223e+00  -3.677010e+00

After 4 iterations the fit converged.
final sum of squares of residuals : 0.0534573
rel. change during last iteration : -1.26268e-06

degrees of freedom    (FIT_NDF)                        : 33
rms of residuals      (FIT_STDFIT) = sqrt(WSSR/ndf)    : 0.0402482
variance of residuals (reduced chisquare) = WSSR/ndf   : 0.00161992

Final set of parameters            Asymptotic Standard Error
=======================            ==========================
a               = -4.12122         +/- 0.009523     (0.2311%)
b               = -3.67701         +/- 0.04004      (1.089%)

correlation matrix of the fit parameters:
                a      b      
a               1.000 
b              -0.985  1.000 


*******************************************************************************
Thu Feb 27 10:45:38 2020


FIT:    data read from "integ.dat" using ($1):($3)
        format = x:z
        x range restricted to [2.00000 : 5.00000]
        #datapoints = 35
        residuals are weighted equally (unit weight)

function used for fitting: h(x)
	h(x) = c*x + d
fitted parameters initialized with current variable values

iter      chisq       delta/lim  lambda   c             d            
   0 3.8776532464e+04   0.00e+00  3.06e+00    1.000000e+00   1.000000e+00
   4 2.5351983344e-01  -3.60e-03  3.06e-04   -6.219220e+00  -1.971653e+00

After 4 iterations the fit converged.
final sum of squares of residuals : 0.25352
rel. change during last iteration : -3.59563e-08

degrees of freedom    (FIT_NDF)                        : 33
rms of residuals      (FIT_STDFIT) = sqrt(WSSR/ndf)    : 0.0876494
variance of residuals (reduced chisquare) = WSSR/ndf   : 0.00768242

Final set of parameters            Asymptotic Standard Error
=======================            ==========================
c               = -6.21922         +/- 0.02074      (0.3334%)
d               = -1.97165         +/- 0.08719      (4.422%)

correlation matrix of the fit parameters:
                c      d      
c               1.000 
d              -0.985  1.000 


*******************************************************************************
Thu Feb 27 10:47:40 2020


FIT:    data read from "integ.dat" using ($1):($2)
        format = x:z
        x range restricted to [2.00000 : 5.00000]
        #datapoints = 35
        residuals are weighted equally (unit weight)

function used for fitting: f(x)
	f(x) = a*x + b
fitted parameters initialized with current variable values

iter      chisq       delta/lim  lambda   a             b            
   0 5.3457268282e-02   0.00e+00  1.25e+01   -4.121223e+00  -3.677010e+00
   1 5.3457268282e-02  -1.08e-09  1.25e+00   -4.121223e+00  -3.677010e+00

After 1 iterations the fit converged.
final sum of squares of residuals : 0.0534573
rel. change during last iteration : -1.07736e-14

degrees of freedom    (FIT_NDF)                        : 33
rms of residuals      (FIT_STDFIT) = sqrt(WSSR/ndf)    : 0.0402482
variance of residuals (reduced chisquare) = WSSR/ndf   : 0.00161992

Final set of parameters            Asymptotic Standard Error
=======================            ==========================
a               = -4.12122         +/- 0.009523     (0.2311%)
b               = -3.67701         +/- 0.04004      (1.089%)

correlation matrix of the fit parameters:
                a      b      
a               1.000 
b              -0.985  1.000 


*******************************************************************************
Thu Feb 27 10:47:40 2020


FIT:    data read from "integ.dat" using ($1):($3)
        format = x:z
        x range restricted to [2.00000 : 5.00000]
        #datapoints = 35
        residuals are weighted equally (unit weight)

function used for fitting: h(x)
	h(x) = c*x + d
fitted parameters initialized with current variable values

iter      chisq       delta/lim  lambda   c             d            
   0 2.5351983344e-01   0.00e+00  1.85e+01   -6.219220e+00  -1.971653e+00
   1 2.5351983344e-01  -2.50e-09  1.85e+00   -6.219220e+00  -1.971653e+00

After 1 iterations the fit converged.
final sum of squares of residuals : 0.25352
rel. change during last iteration : -2.49616e-14

degrees of freedom    (FIT_NDF)                        : 33
rms of residuals      (FIT_STDFIT) = sqrt(WSSR/ndf)    : 0.0876494
variance of residuals (reduced chisquare) = WSSR/ndf   : 0.00768242

Final set of parameters            Asymptotic Standard Error
=======================            ==========================
c               = -6.21922         +/- 0.02074      (0.3334%)
d               = -1.97165         +/- 0.08719      (4.422%)

correlation matrix of the fit parameters:
                c      d      
c               1.000 
d              -0.985  1.000 


*******************************************************************************
Thu Feb 27 10:48:17 2020


FIT:    data read from "integ.dat" using ($1):($2)
        format = x:z
        x range restricted to [2.00000 : 5.00000]
        #datapoints = 35
        residuals are weighted equally (unit weight)

function used for fitting: f(x)
	f(x) = a*x + b
fitted parameters initialized with current variable values

iter      chisq       delta/lim  lambda   a             b            
   0 5.3457268282e-02   0.00e+00  1.25e+01   -4.121223e+00  -3.677010e+00
   1 5.3457268282e-02  -4.28e-10  1.25e+01   -4.121223e+00  -3.677010e+00

After 1 iterations the fit converged.
final sum of squares of residuals : 0.0534573
rel. change during last iteration : -4.28349e-15

degrees of freedom    (FIT_NDF)                        : 33
rms of residuals      (FIT_STDFIT) = sqrt(WSSR/ndf)    : 0.0402482
variance of residuals (reduced chisquare) = WSSR/ndf   : 0.00161992

Final set of parameters            Asymptotic Standard Error
=======================            ==========================
a               = -4.12122         +/- 0.009523     (0.2311%)
b               = -3.67701         +/- 0.04004      (1.089%)

correlation matrix of the fit parameters:
                a      b      
a               1.000 
b              -0.985  1.000 


*******************************************************************************
Thu Feb 27 10:48:17 2020


FIT:    data read from "integ.dat" using ($1):($3)
        format = x:z
        x range restricted to [2.00000 : 5.00000]
        #datapoints = 35
        residuals are weighted equally (unit weight)

function used for fitting: h(x)
	h(x) = c*x + d
fitted parameters initialized with current variable values

iter      chisq       delta/lim  lambda   c             d            
   0 2.5351983344e-01   0.00e+00  1.85e+01   -6.219220e+00  -1.971653e+00
   1 2.5351983344e-01   0.00e+00  1.85e+03   -6.219220e+00  -1.971653e+00

After 1 iterations the fit converged.
final sum of squares of residuals : 0.25352
rel. change during last iteration : 0

degrees of freedom    (FIT_NDF)                        : 33
rms of residuals      (FIT_STDFIT) = sqrt(WSSR/ndf)    : 0.0876494
variance of residuals (reduced chisquare) = WSSR/ndf   : 0.00768242

Final set of parameters            Asymptotic Standard Error
=======================            ==========================
c               = -6.21922         +/- 0.02074      (0.3334%)
d               = -1.97165         +/- 0.08719      (4.422%)

correlation matrix of the fit parameters:
                c      d      
c               1.000 
d              -0.985  1.000 


*******************************************************************************
Thu Feb 27 10:48:28 2020


FIT:    data read from "integ.dat" using ($1):($2)
        format = x:z
        x range restricted to [2.00000 : 5.00000]
        #datapoints = 35
        residuals are weighted equally (unit weight)

function used for fitting: f(x)
	f(x) = a*x + b
fitted parameters initialized with current variable values

iter      chisq       delta/lim  lambda   a             b            
   0 2.3939222277e+04   0.00e+00  3.06e+00    1.000000e+00   1.000000e+00
   4 5.3457268282e-02  -1.26e-01  3.06e-04   -4.121223e+00  -3.677010e+00

After 4 iterations the fit converged.
final sum of squares of residuals : 0.0534573
rel. change during last iteration : -1.26268e-06

degrees of freedom    (FIT_NDF)                        : 33
rms of residuals      (FIT_STDFIT) = sqrt(WSSR/ndf)    : 0.0402482
variance of residuals (reduced chisquare) = WSSR/ndf   : 0.00161992

Final set of parameters            Asymptotic Standard Error
=======================            ==========================
a               = -4.12122         +/- 0.009523     (0.2311%)
b               = -3.67701         +/- 0.04004      (1.089%)

correlation matrix of the fit parameters:
                a      b      
a               1.000 
b              -0.985  1.000 


*******************************************************************************
Thu Feb 27 10:48:28 2020


FIT:    data read from "integ.dat" using ($1):($3)
        format = x:z
        x range restricted to [2.00000 : 5.00000]
        #datapoints = 35
        residuals are weighted equally (unit weight)

function used for fitting: h(x)
	h(x) = c*x + d
fitted parameters initialized with current variable values

iter      chisq       delta/lim  lambda   c             d            
   0 3.8776532464e+04   0.00e+00  3.06e+00    1.000000e+00   1.000000e+00
   4 2.5351983344e-01  -3.60e-03  3.06e-04   -6.219220e+00  -1.971653e+00

After 4 iterations the fit converged.
final sum of squares of residuals : 0.25352
rel. change during last iteration : -3.59563e-08

degrees of freedom    (FIT_NDF)                        : 33
rms of residuals      (FIT_STDFIT) = sqrt(WSSR/ndf)    : 0.0876494
variance of residuals (reduced chisquare) = WSSR/ndf   : 0.00768242

Final set of parameters            Asymptotic Standard Error
=======================            ==========================
c               = -6.21922         +/- 0.02074      (0.3334%)
d               = -1.97165         +/- 0.08719      (4.422%)

correlation matrix of the fit parameters:
                c      d      
c               1.000 
d              -0.985  1.000 
